Build started 2/16/2017 4:26:18 PM.
     1>Project "K:\RELEASECOMINT\Final Bus Project Abi\Bus Project\Bus Project.vcxproj" on node 2 (build target(s)).
     1>InitializeBuildStatus:
         Creating "Debug\Bus Project.unsuccessfulbuild" because "AlwaysCreate" was specified.
       GenerateTargetFrameworkMonikerAttribute:
       Skipping target "GenerateTargetFrameworkMonikerAttribute" because all output files are up-to-date with respect to the input files.
       ClCompile:
         All outputs are up-to-date.
         C:\Program Files\Microsoft Visual Studio 10.0\VC\bin\CL.exe /c /AI"C:\Program Files\Reference Assemblies\Microsoft\Framework\.NETFramework\v4.0" /Zi /clr /nologo /W3 /WX- /Od /Oy- /D WIN32 /D _DEBUG /EHa /MDd /GS /fp:precise /Zc:wchar_t /Zc:forScope /Yu"StdAfx.h" /Fp"Debug\Bus Project.pch" /Fo"Debug\\" /Fd"Debug\vc100.pdb" /TP /FU"C:\Program Files\Reference Assemblies\Microsoft\Framework\.NETFramework\v4.0\System.Core.dll" /FU"C:\Program Files\Reference Assemblies\Microsoft\Framework\.NETFramework\v4.0\System.Data.dll" /FU"C:\Program Files\Reference Assemblies\Microsoft\Framework\.NETFramework\v4.0\System.dll" /FU"C:\Program Files\Reference Assemblies\Microsoft\Framework\.NETFramework\v4.0\System.Drawing.dll" /FU"C:\Program Files\Reference Assemblies\Microsoft\Framework\.NETFramework\v4.0\System.Windows.Forms.dll" /FU"C:\Program Files\Reference Assemblies\Microsoft\Framework\.NETFramework\v4.0\System.Xml.dll" /analyze- /errorReport:prompt "Bus Project.cpp" /clr:nostdlib 
         Bus Project.cpp
     1>k:\releasecomint\final bus project abi\bus project\Form1.h(841): warning C4305: '=' : truncation from 'double' to 'float'
     1>k:\releasecomint\final bus project abi\bus project\Form1.h(848): warning C4305: '=' : truncation from 'double' to 'float'
     1>k:\releasecomint\final bus project abi\bus project\Form1.h(855): warning C4305: '=' : truncation from 'double' to 'float'
     1>k:\releasecomint\final bus project abi\bus project\Form1.h(1053): warning C4244: '=' : conversion from 'double' to 'float', possible loss of data
     1>k:\releasecomint\final bus project abi\bus project\Form1.h(1060): warning C4244: '=' : conversion from 'double' to 'float', possible loss of data
     1>k:\releasecomint\final bus project abi\bus project\Form1.h(1067): warning C4244: '=' : conversion from 'double' to 'float', possible loss of data
     1>k:\releasecomint\final bus project abi\bus project\Form1.h(1072): warning C4244: '=' : conversion from 'double' to 'float', possible loss of data
     1>k:\releasecomint\final bus project abi\bus project\Form1.h(685): warning C4101: 'tx_Alarm' : unreferenced local variable
     1>k:\releasecomint\final bus project abi\bus project\Form1.h(686): warning C4101: 'rx_Alarm' : unreferenced local variable
     1>k:\releasecomint\final bus project abi\bus project\Form1.h(664): warning C4101: 'alarmreceive' : unreferenced local variable
         All outputs are up-to-date.
       CoreResGen:
         No resources are out of date with respect to their source files. Skipping resource generation.
       ResourceCompile:
         All outputs are up-to-date.
       Link:
         C:\Program Files\Microsoft Visual Studio 10.0\VC\bin\link.exe /ERRORREPORT:PROMPT /OUT:"K:\RELEASECOMINT\Final Bus Project Abi\Debug\Bus Project.exe" /INCREMENTAL /NOLOGO serial_comm.lib hid_usb.lib kernel32.lib user32.lib gdi32.lib winspool.lib comdlg32.lib advapi32.lib shell32.lib ole32.lib oleaut32.lib uuid.lib odbc32.lib odbccp32.lib /ASSEMBLYRESOURCE:Debug\BusProject.Form1.resources /MANIFEST /ManifestFile:"Debug\Bus Project.exe.intermediate.manifest" /MANIFESTUAC:"level='asInvoker' uiAccess='false'" /DEBUG /PDB:"K:\RELEASECOMINT\Final Bus Project Abi\Debug\Bus Project.pdb" /ASSEMBLYDEBUG /SUBSYSTEM:WINDOWS /TLBID:1 /ENTRY:"main" /DYNAMICBASE /FIXED:NO /NXCOMPAT /MACHINE:X86 Debug\app.res
         Debug\AssemblyInfo.obj
         "Debug\Bus Project.obj"
         Debug\stdafx.obj
         "Debug\.NETFramework,Version=v4.0.AssemblyAttributes.obj"
         Bus Project.vcxproj -> K:\RELEASECOMINT\Final Bus Project Abi\Debug\Bus Project.exe
       Manifest:
         C:\Program Files\Microsoft SDKs\Windows\v7.0A\bin\mt.exe /nologo /verbose /outputresource:"K:\RELEASECOMINT\Final Bus Project Abi\Debug\Bus Project.exe;#1" /manifest "Debug\Bus Project.exe.intermediate.manifest"
       FinalizeBuildStatus:
         Deleting file "Debug\Bus Project.unsuccessfulbuild".
         Touching "Debug\Bus Project.lastbuildstate".
     1>Done Building Project "K:\RELEASECOMINT\Final Bus Project Abi\Bus Project\Bus Project.vcxproj" (build target(s)).

Build succeeded.

Time Elapsed 00:00:11.60
