D:\RELEASECOMINT\FINAL BUS PROJECT ABI\BUS PROJECT\DEBUG\.NETFRAMEWORK,VERSION=V4.0.ASSEMBLYATTRIBUTES.OBJ
D:\RELEASECOMINT\FINAL BUS PROJECT ABI\BUS PROJECT\DEBUG\APP.RES
D:\RELEASECOMINT\FINAL BUS PROJECT ABI\BUS PROJECT\DEBUG\ASSEMBLYINFO.OBJ
D:\RELEASECOMINT\FINAL BUS PROJECT ABI\BUS PROJECT\DEBUG\BUS PROJECT.EXE.INTERMEDIATE.MANIFEST
D:\RELEASECOMINT\FINAL BUS PROJECT ABI\BUS PROJECT\DEBUG\BUS PROJECT.OBJ
D:\RELEASECOMINT\FINAL BUS PROJECT ABI\BUS PROJECT\DEBUG\BUS PROJECT.PCH
D:\RELEASECOMINT\FINAL BUS PROJECT ABI\BUS PROJECT\DEBUG\STDAFX.OBJ
D:\RELEASECOMINT\FINAL BUS PROJECT ABI\BUS PROJECT\DEBUG\VC100.PDB
D:\RELEASECOMINT\FINAL BUS PROJECT ABI\DEBUG\BUS PROJECT.EXE
D:\RELEASECOMINT\FINAL BUS PROJECT ABI\DEBUG\BUS PROJECT.ILK
D:\RELEASECOMINT\FINAL BUS PROJECT ABI\DEBUG\BUS PROJECT.PDB
K:\RELEASECOMINT\FINAL BUS PROJECT ABI\BUS PROJECT\DEBUG\.NETFRAMEWORK,VERSION=V4.0.ASSEMBLYATTRIBUTES.OBJ
K:\RELEASECOMINT\FINAL BUS PROJECT ABI\BUS PROJECT\DEBUG\APP.RES
K:\RELEASECOMINT\FINAL BUS PROJECT ABI\BUS PROJECT\DEBUG\ASSEMBLYINFO.OBJ
K:\RELEASECOMINT\FINAL BUS PROJECT ABI\BUS PROJECT\DEBUG\BUS PROJECT.EXE.INTERMEDIATE.MANIFEST
K:\RELEASECOMINT\FINAL BUS PROJECT ABI\BUS PROJECT\DEBUG\BUS PROJECT.OBJ
K:\RELEASECOMINT\FINAL BUS PROJECT ABI\BUS PROJECT\DEBUG\BUS PROJECT.PCH
K:\RELEASECOMINT\Final Bus Project Abi\Bus Project\Debug\Bus Project.vcxproj.GenerateResource.Cache
K:\RELEASECOMINT\Final Bus Project Abi\Bus Project\Debug\Bus Project.vcxprojResolveAssemblyReference.cache
K:\RELEASECOMINT\Final Bus Project Abi\Bus Project\Debug\Bus Project.write.1.tlog
K:\RELEASECOMINT\Final Bus Project Abi\Bus Project\Debug\BusProject.Form1.resources
K:\RELEASECOMINT\Final Bus Project Abi\Bus Project\Debug\cl.command.1.tlog
K:\RELEASECOMINT\Final Bus Project Abi\Bus Project\Debug\CL.read.1.tlog
K:\RELEASECOMINT\Final Bus Project Abi\Bus Project\Debug\CL.write.1.tlog
K:\RELEASECOMINT\Final Bus Project Abi\Bus Project\Debug\link.3184.read.1.tlog
K:\RELEASECOMINT\Final Bus Project Abi\Bus Project\Debug\link.3184.write.1.tlog
K:\RELEASECOMINT\Final Bus Project Abi\Bus Project\Debug\link.3184-cvtres.read.1.tlog
K:\RELEASECOMINT\Final Bus Project Abi\Bus Project\Debug\link.3184-cvtres.write.1.tlog
K:\RELEASECOMINT\Final Bus Project Abi\Bus Project\Debug\link.3356.read.1.tlog
K:\RELEASECOMINT\Final Bus Project Abi\Bus Project\Debug\link.3356.write.1.tlog
K:\RELEASECOMINT\Final Bus Project Abi\Bus Project\Debug\link.3356-cvtres.read.1.tlog
K:\RELEASECOMINT\Final Bus Project Abi\Bus Project\Debug\link.3356-cvtres.write.1.tlog
K:\RELEASECOMINT\Final Bus Project Abi\Bus Project\Debug\link.3952.read.1.tlog
K:\RELEASECOMINT\Final Bus Project Abi\Bus Project\Debug\link.3952.write.1.tlog
K:\RELEASECOMINT\Final Bus Project Abi\Bus Project\Debug\link.3952-cvtres.read.1.tlog
K:\RELEASECOMINT\Final Bus Project Abi\Bus Project\Debug\link.3952-cvtres.write.1.tlog
K:\RELEASECOMINT\Final Bus Project Abi\Bus Project\Debug\link.5248.read.1.tlog
K:\RELEASECOMINT\Final Bus Project Abi\Bus Project\Debug\link.5248.write.1.tlog
K:\RELEASECOMINT\Final Bus Project Abi\Bus Project\Debug\link.5248-cvtres.read.1.tlog
K:\RELEASECOMINT\Final Bus Project Abi\Bus Project\Debug\link.5248-cvtres.write.1.tlog
K:\RELEASECOMINT\Final Bus Project Abi\Bus Project\Debug\link.6416.read.1.tlog
K:\RELEASECOMINT\Final Bus Project Abi\Bus Project\Debug\link.6416.write.1.tlog
K:\RELEASECOMINT\Final Bus Project Abi\Bus Project\Debug\link.6416-cvtres.read.1.tlog
K:\RELEASECOMINT\Final Bus Project Abi\Bus Project\Debug\link.6416-cvtres.write.1.tlog
K:\RELEASECOMINT\Final Bus Project Abi\Bus Project\Debug\link.6448.read.1.tlog
K:\RELEASECOMINT\Final Bus Project Abi\Bus Project\Debug\link.6448.write.1.tlog
K:\RELEASECOMINT\Final Bus Project Abi\Bus Project\Debug\link.6448-cvtres.read.1.tlog
K:\RELEASECOMINT\Final Bus Project Abi\Bus Project\Debug\link.6448-cvtres.write.1.tlog
K:\RELEASECOMINT\Final Bus Project Abi\Bus Project\Debug\link.6668.read.1.tlog
K:\RELEASECOMINT\Final Bus Project Abi\Bus Project\Debug\link.6668.write.1.tlog
K:\RELEASECOMINT\Final Bus Project Abi\Bus Project\Debug\link.6668-cvtres.read.1.tlog
K:\RELEASECOMINT\Final Bus Project Abi\Bus Project\Debug\link.6668-cvtres.write.1.tlog
K:\RELEASECOMINT\Final Bus Project Abi\Bus Project\Debug\link.7220.read.1.tlog
K:\RELEASECOMINT\Final Bus Project Abi\Bus Project\Debug\link.7220.write.1.tlog
K:\RELEASECOMINT\Final Bus Project Abi\Bus Project\Debug\link.7220-cvtres.read.1.tlog
K:\RELEASECOMINT\Final Bus Project Abi\Bus Project\Debug\link.7220-cvtres.write.1.tlog
K:\RELEASECOMINT\Final Bus Project Abi\Bus Project\Debug\link.7800.read.1.tlog
K:\RELEASECOMINT\Final Bus Project Abi\Bus Project\Debug\link.7800.write.1.tlog
K:\RELEASECOMINT\Final Bus Project Abi\Bus Project\Debug\link.7800-cvtres.read.1.tlog
K:\RELEASECOMINT\Final Bus Project Abi\Bus Project\Debug\link.7800-cvtres.write.1.tlog
K:\RELEASECOMINT\Final Bus Project Abi\Bus Project\Debug\link.7940.read.1.tlog
K:\RELEASECOMINT\Final Bus Project Abi\Bus Project\Debug\link.7940.write.1.tlog
K:\RELEASECOMINT\Final Bus Project Abi\Bus Project\Debug\link.7940-cvtres.read.1.tlog
K:\RELEASECOMINT\Final Bus Project Abi\Bus Project\Debug\link.7940-cvtres.write.1.tlog
K:\RELEASECOMINT\Final Bus Project Abi\Bus Project\Debug\link.804.read.1.tlog
K:\RELEASECOMINT\Final Bus Project Abi\Bus Project\Debug\link.804.write.1.tlog
K:\RELEASECOMINT\Final Bus Project Abi\Bus Project\Debug\link.804-cvtres.read.1.tlog
K:\RELEASECOMINT\Final Bus Project Abi\Bus Project\Debug\link.804-cvtres.write.1.tlog
K:\RELEASECOMINT\Final Bus Project Abi\Bus Project\Debug\link.9028.read.1.tlog
K:\RELEASECOMINT\Final Bus Project Abi\Bus Project\Debug\link.9028.write.1.tlog
K:\RELEASECOMINT\Final Bus Project Abi\Bus Project\Debug\link.9028-cvtres.read.1.tlog
K:\RELEASECOMINT\Final Bus Project Abi\Bus Project\Debug\link.9028-cvtres.write.1.tlog
K:\RELEASECOMINT\Final Bus Project Abi\Bus Project\Debug\link.command.1.tlog
K:\RELEASECOMINT\Final Bus Project Abi\Bus Project\Debug\link.read.1.tlog
K:\RELEASECOMINT\Final Bus Project Abi\Bus Project\Debug\link.write.1.tlog
K:\RELEASECOMINT\Final Bus Project Abi\Bus Project\Debug\metagen.read.1.tlog
K:\RELEASECOMINT\Final Bus Project Abi\Bus Project\Debug\metagen.write.1.tlog
K:\RELEASECOMINT\Final Bus Project Abi\Bus Project\Debug\mt.command.1.tlog
K:\RELEASECOMINT\Final Bus Project Abi\Bus Project\Debug\mt.read.1.tlog
K:\RELEASECOMINT\Final Bus Project Abi\Bus Project\Debug\mt.write.1.tlog
K:\RELEASECOMINT\Final Bus Project Abi\Bus Project\Debug\rc.command.1.tlog
K:\RELEASECOMINT\Final Bus Project Abi\Bus Project\Debug\rc.read.1.tlog
K:\RELEASECOMINT\Final Bus Project Abi\Bus Project\Debug\rc.write.1.tlog
K:\RELEASECOMINT\Final Bus Project Abi\Bus Project\Debug\RSAENH.DLL.bi
K:\RELEASECOMINT\FINAL BUS PROJECT ABI\BUS PROJECT\DEBUG\STDAFX.OBJ
K:\RELEASECOMINT\Final Bus Project Abi\Bus Project\Debug\TZRES.DLL.bi
K:\RELEASECOMINT\FINAL BUS PROJECT ABI\BUS PROJECT\DEBUG\VC100.PDB
K:\RELEASECOMINT\FINAL BUS PROJECT ABI\DEBUG\BUS PROJECT.EXE
K:\RELEASECOMINT\FINAL BUS PROJECT ABI\DEBUG\BUS PROJECT.ILK
K:\RELEASECOMINT\FINAL BUS PROJECT ABI\DEBUG\BUS PROJECT.PDB
L:\RELEASECOMINT\FINAL BUS PROJECT ABI\BUS PROJECT\DEBUG\.NETFRAMEWORK,VERSION=V4.0.ASSEMBLYATTRIBUTES.OBJ
L:\RELEASECOMINT\FINAL BUS PROJECT ABI\BUS PROJECT\DEBUG\APP.RES
L:\RELEASECOMINT\FINAL BUS PROJECT ABI\BUS PROJECT\DEBUG\ASSEMBLYINFO.OBJ
L:\RELEASECOMINT\FINAL BUS PROJECT ABI\BUS PROJECT\DEBUG\BUS PROJECT.EXE.INTERMEDIATE.MANIFEST
L:\RELEASECOMINT\FINAL BUS PROJECT ABI\BUS PROJECT\DEBUG\BUS PROJECT.OBJ
L:\RELEASECOMINT\FINAL BUS PROJECT ABI\BUS PROJECT\DEBUG\BUS PROJECT.PCH
L:\RELEASECOMINT\FINAL BUS PROJECT ABI\BUS PROJECT\DEBUG\STDAFX.OBJ
L:\RELEASECOMINT\FINAL BUS PROJECT ABI\BUS PROJECT\DEBUG\VC100.PDB
L:\RELEASECOMINT\FINAL BUS PROJECT ABI\DEBUG\BUS PROJECT.EXE
L:\RELEASECOMINT\FINAL BUS PROJECT ABI\DEBUG\BUS PROJECT.ILK
L:\RELEASECOMINT\FINAL BUS PROJECT ABI\DEBUG\BUS PROJECT.PDB
