C:\USERS\ABILASH\DESKTOP\COM INT\FINAL COMINT\FINAL BUS PROJECT ABI\BUS PROJECT\RELEASE\.NETFRAMEWORK,VERSION=V4.0.ASSEMBLYATTRIBUTES.OBJ
C:\USERS\ABILASH\DESKTOP\COM INT\FINAL COMINT\FINAL BUS PROJECT ABI\BUS PROJECT\RELEASE\APP.RES
C:\USERS\ABILASH\DESKTOP\COM INT\FINAL COMINT\FINAL BUS PROJECT ABI\BUS PROJECT\RELEASE\ASSEMBLYINFO.OBJ
C:\Users\Abilash\Desktop\Com Int\FINAL COMINT\Final Bus Project Abi\Bus Project\Release\Bus Project.exe.intermediate.manifest
C:\USERS\ABILASH\DESKTOP\COM INT\FINAL COMINT\FINAL BUS PROJECT ABI\BUS PROJECT\RELEASE\BUS PROJECT.OBJ
C:\USERS\ABILASH\DESKTOP\COM INT\FINAL COMINT\FINAL BUS PROJECT ABI\BUS PROJECT\RELEASE\BUS PROJECT.PCH
C:\Users\Abilash\Desktop\Com Int\FINAL COMINT\Final Bus Project Abi\Bus Project\Release\Bus Project.vcxproj.GenerateResource.Cache
C:\Users\Abilash\Desktop\Com Int\FINAL COMINT\Final Bus Project Abi\Bus Project\Release\Bus Project.vcxprojResolveAssemblyReference.cache
C:\Users\Abilash\Desktop\Com Int\FINAL COMINT\Final Bus Project Abi\Bus Project\Release\Bus Project.write.1.tlog
C:\Users\Abilash\Desktop\Com Int\FINAL COMINT\Final Bus Project Abi\Bus Project\Release\BusProject.Form1.resources
C:\Users\Abilash\Desktop\Com Int\FINAL COMINT\Final Bus Project Abi\Bus Project\Release\cl.command.1.tlog
C:\Users\Abilash\Desktop\Com Int\FINAL COMINT\Final Bus Project Abi\Bus Project\Release\CL.read.1.tlog
C:\Users\Abilash\Desktop\Com Int\FINAL COMINT\Final Bus Project Abi\Bus Project\Release\CL.write.1.tlog
C:\Users\Abilash\Desktop\Com Int\FINAL COMINT\Final Bus Project Abi\Bus Project\Release\link.command.1.tlog
C:\Users\Abilash\Desktop\Com Int\FINAL COMINT\Final Bus Project Abi\Bus Project\Release\link.read.1.tlog
C:\Users\Abilash\Desktop\Com Int\FINAL COMINT\Final Bus Project Abi\Bus Project\Release\link.write.1.tlog
C:\Users\Abilash\Desktop\Com Int\FINAL COMINT\Final Bus Project Abi\Bus Project\Release\link-cvtres.read.1.tlog
C:\Users\Abilash\Desktop\Com Int\FINAL COMINT\Final Bus Project Abi\Bus Project\Release\link-cvtres.write.1.tlog
C:\Users\Abilash\Desktop\Com Int\FINAL COMINT\Final Bus Project Abi\Bus Project\Release\rc.command.1.tlog
C:\Users\Abilash\Desktop\Com Int\FINAL COMINT\Final Bus Project Abi\Bus Project\Release\rc.read.1.tlog
C:\Users\Abilash\Desktop\Com Int\FINAL COMINT\Final Bus Project Abi\Bus Project\Release\rc.write.1.tlog
C:\USERS\ABILASH\DESKTOP\COM INT\FINAL COMINT\FINAL BUS PROJECT ABI\BUS PROJECT\RELEASE\STDAFX.OBJ
C:\USERS\ABILASH\DESKTOP\COM INT\FINAL COMINT\FINAL BUS PROJECT ABI\BUS PROJECT\RELEASE\VC100.PDB
C:\Users\Abilash\Desktop\Com Int\FINAL COMINT\Final Bus Project Abi\Release\Bus Project.pdb
